========================================
⏰ Daily Curation 開始: 2026年 3月15日 週日 16時42分00秒 CST
========================================

📰 步驟 1/4: 抓取新聞 (Techmeme + WSJ)
/Users/lanreset/daily-curation/scripts/run_daily_news.py:38: DeprecationWarning: Testing an element's truth value will always return True in future versions.  Use specific 'len(elem)' or 'elem is not None' test instead.
  if not channel: return []
========================================
🤖 Daily News Curation Automation - 2026-03-15 16:42:00.897379
========================================
📰 Updating News Headlines...
   ▶ Fetching Techmeme...
   ✅ Fetched 15 Techmeme items.
   ▶ Fetching WSJ Technology...
   ✅ Fetched 10 WSJ items.

📝 News fetched. Please perform translation before running with --publish.
   ✅ 新聞抓取完成

🈯️ 步驟 2/4: 翻譯新聞
========================================
⏰ Daily Curation 開始: 2026年 3月15日 週日 16時42分43秒 CST
========================================

📰 步驟 1/4: 抓取新聞 (Techmeme + WSJ)
/Users/lanreset/daily-curation/scripts/run_daily_news.py:38: DeprecationWarning: Testing an element's truth value will always return True in future versions.  Use specific 'len(elem)' or 'elem is not None' test instead.
  if not channel: return []
========================================
🤖 Daily News Curation Automation - 2026-03-15 16:42:43.761695
========================================
📰 Updating News Headlines...
   ▶ Fetching Techmeme...
   ✅ Fetched 15 Techmeme items.
   ▶ Fetching WSJ Technology...
   ✅ Fetched 10 WSJ items.

📝 News fetched. Please perform translation before running with --publish.
   ✅ 新聞抓取完成

🈯️ 步驟 2/4: 翻譯新聞
========================================
🈯️ Automated News Translator - 2026-03-15 16:42:46.109709
========================================
📰 Checking Techmeme section...
   ▶ Translating [techmeme]: The gaming industry is shaping up to be one of the...
     ✅ Success: 遊戲產業正成為 AI 熱潮下的重災區：從大規模裁員到記憶體短...
   ▶ Translating [techmeme]: Zendesk agrees to acquire Forethought, which makes...
     ✅ Success: Zendesk 協議收購 AI 客服軟體開發商 Foreth...
   ▶ Translating [techmeme]: San Francisco's housing market is seeing a big reb...
     ✅ Success: 受 AI 熱潮帶動，舊金山房地產市場正迎來強勁反彈；Apar...
   ▶ Translating [techmeme]: Takeaways from the 2026 Game Developers Conference...
     ✅ Success: 2026 年遊戲開發者大會 (GDC) 重點整理：裁員潮下的...
   ▶ Translating [techmeme]: A preview of Nvidia's 2026 GTC, which kicks off on...
     ✅ Success: Nvidia 2026 GTC 大會預覽：3 月 16 日揭...
   ▶ Translating [techmeme]: Drones caused a Qatari Helium-producing energy hub...
     ✅ Success: 無人機攻擊致卡達氦氣生產基地關閉；彭博：該基地產量占全球 3...
   ▶ Translating [techmeme]: Kaiko: cumulative trading volume on crypto exchang...
     ✅ Success: Kaiko 報告：受中東戰事影響，Hyperliquid 石...
   ▶ Translating [techmeme]: Sources: ByteDance suspended the global launch of ...
     ✅ Success: 消息指字節跳動因與好萊塢片廠及串流平台發生版權糾紛，暫緩 S...
   ▶ Translating [techmeme]: A survey of 1,000 hiring managers: 59% say they st...
     ✅ Success: 1,000 名招募經理調查：59% 受訪者坦言在裁員或凍結招...
   ▶ Translating [techmeme]: TSMC's N3 logic wafer capacity has become one of t...
     ✅ Success: 台積電 N3 邏輯晶圓產能已成為 AI 產業最大瓶頸之一，恐...
   ▶ Translating [techmeme]: An interview with SemiAnalysis CEO Dylan Patel on ...
     ✅ Success: 專訪 SemiAnalysis 執行長 Dylan Pate...
   ▶ Translating [techmeme]: An excerpt from the upcoming book Project Maven de...
     ✅ Success: 新書揭露 Project Maven 內幕：五角大廈如何聯手...
   ▶ Translating [techmeme]: Mobile internet blackouts hit Moscow as the Kremli...
     ✅ Success: 克里姆林宮加強網路管控，莫斯科遭遇行動網路大斷網；Rosko...
   ▶ Translating [techmeme]: Palantir software demos and DOD records show how t...
     ✅ Success: Palantir 軟體演示與國防部紀錄揭露軍方如何運用 AI...
   ▶ Translating [techmeme]: Singapore-based MetaComp, which bridges traditiona...
     ✅ Success: 總部位於新加坡的 MetaComp 於兩輪 Pre-A 輪融...

📰 Checking WSJ section...
   ▶ Translating [wsj]: Review: Does the $599 MacBook Neo Fit in Your Life...
     ✅ Success: 評測：599 美元的 MacBook Neo 適合你嗎？...
   ▶ Translating [wsj]: The Backlash Against AI Devices That Are Always Wa...
     ✅ Success: 針對「全時監控」AI 裝置的反彈聲浪...
   ▶ Translating [wsj]: Amazon Announces Inference Chips Deal With Cerebra...
     ✅ Success: Amazon 宣布與 Cerebras 達成推理晶片合作協議...
   ▶ Translating [wsj]: Watch How the Trump Administration Is Selling the ...
     ✅ Success: 直擊川普政府如何透過 TikTok 宣傳伊朗戰爭...
   ▶ Translating [wsj]: Trump Administration Set to Receive $10 Billion Fe...
     ✅ Success: 川普政府因斡旋 TikTok 交易，預計將獲取 100 億美...
   ▶ Translating [wsj]: Musk Says xAI Must Be Rebuilt as Co-Founders Exit...
     ✅ Success: 馬斯克表示隨著共同創辦人離職，xAI 必須重新構建...
   ▶ Translating [wsj]: The AI Boom Has Exploded the San Francisco Housing...
     ✅ Success: AI 浪潮引爆舊金山房地產市場...
   ▶ Translating [wsj]: Tech, Media & Telecom Roundup: Market Talk...
     ✅ Success: 科技、媒體與電信產業要聞：市場洞察...
   ▶ Translating [wsj]: What Are Your Bots Working On?...
     ✅ Success: 你的機器人正在忙什麼？...
   ▶ Translating [wsj]: Adobe CEO to Depart After 18 Years Amid AI Disrupt...
     ✅ Success: Adobe 執行長在任 18 年後宣布離職，正值 AI 浪潮...

💾 Saving 25 translated items to daily_news_temp.json...
✨ Translation complete.
   ✅ 翻譯完成

🧠 步驟 3/4: 深度分析 (7個 RSS 來源)
/Users/lanreset/daily-curation/scripts/generate_deep_analysis.py:52: DeprecationWarning: Testing an element's truth value will always return True in future versions.  Use specific 'len(elem)' or 'elem is not None' test instead.
  if channel:
/Users/lanreset/daily-curation/scripts/generate_deep_analysis.py:54: DeprecationWarning: Testing an element's truth value will always return True in future versions.  Use specific 'len(elem)' or 'elem is not None' test instead.
  if item:
========================================
🤖 Automated Deep Analysis Generator - 2026-03-15 16:53:11.336075
========================================
▶ Polling Stratechery...
   ✅ No new articles. Skipping.
▶ Polling Dwarkesh...
   ✅ No new articles. Skipping.
▶ Polling Culpium...
   ✅ No new articles. Skipping.
▶ Polling SemiAnalysis...
   ✅ No new articles. Skipping.
▶ Polling BigTechnology...
   ✅ No new articles. Skipping.
▶ Polling a16z...
   ✅ No new articles. Skipping.
▶ Polling Lenny's Newsletter...
   ✅ No new articles. Skipping.

✅ All sources up to date.
   ✅ 深度分析完成

🚀 步驟 4/4: 渲染 + 發布
Starting news render process...
Successfully restored full content and updated index.html.
⚠️ 找不到 archive 資料夾。
🚀 開始發布更新到網站 (GitHub Pages)...
📦 正在打包變更檔案...
📝 正在寫入發布日誌: Auto-update: OpenClaw 自動更新 Podcast 摘要 (2026-03-15 16:53:22)
⏳ 正在推送到 GitHub，這可能需要幾秒鐘...
=======================================================
🎉 發布大成功！
網址: https://mobbymobbym-arch.github.io/daily-curation/
💡 溫馨提醒：GitHub Pages 通常需要 1 到 3 分鐘的時間來刷新快取，
如果立刻點開沒看到變化，請喝口水、重新整理一下頁面就會出現了！
=======================================================
========================================
🤖 Daily News Curation Automation - 2026-03-15 16:53:22.732166
========================================
⏭️ Skipping fetch since --publish is active (using existing translations)...
✅ Translation quality check passed. Proceeding to publish.

🎨 Rendering Website...

🗄️ Updating Archives...

🚀 Publishing to GitHub...

✨ All tasks completed successfully.
   ✅ 發布完成

========================================
✨ Daily Curation 完成: 2026年 3月15日 週日 16時53分24秒 CST
========================================
