========================================
⏰ Daily Curation 開始: 四  3 19 08:29:42 CST 2026
========================================

📰 步驟 1/5: 抓取新聞 (Techmeme + WSJ)
========================================
🤖 Daily News Curation Automation - 2026-03-19 08:29:42.827864
========================================
📰 Updating News Headlines...
   ▶ Fetching Techmeme...
/Users/lanreset/daily-curation/scripts/run_daily_news.py:38: DeprecationWarning: Testing an element's truth value will always return True in future versions.  Use specific 'len(elem)' or 'elem is not None' test instead.
  if not channel: return []
   ✅ Fetched 15 Techmeme items.
   ▶ Fetching WSJ Technology...
   ✅ Fetched 10 WSJ items.

📝 News fetched. Please perform translation before running with --publish.
   ✅ 新聞抓取完成

🧠 步驟 2/5: 深度分析 (7個 RSS 來源)
========================================
🤖 Automated Deep Analysis Generator - 2026-03-19 08:29:44.919976
========================================
▶ Polling Stratechery...
/Users/lanreset/daily-curation/scripts/generate_deep_analysis.py:52: DeprecationWarning: Testing an element's truth value will always return True in future versions.  Use specific 'len(elem)' or 'elem is not None' test instead.
  if channel:
/Users/lanreset/daily-curation/scripts/generate_deep_analysis.py:54: DeprecationWarning: Testing an element's truth value will always return True in future versions.  Use specific 'len(elem)' or 'elem is not None' test instead.
  if item:
   🆕 NEW ARTICLE DETECTED: Agents Over Bubbles
   📥 Fetching full text via Jina...
   🧠 Sending 26247 chars to AI for Deep Analysis...
   ✅ Analysis successful! (1460 chars)
▶ Polling Dwarkesh...
